2025-09-24T16:34:29.962-05:00  INFO 8540 --- [ExamenU1_ticona] [main] u.e.p.E.ExamenU1TiconaApplication        : Starting ExamenU1TiconaApplication using Java 21.0.6 with PID 8540 (C:\Users\alum.fial1\Downloads\ExamenU1_ticona\ExamenU1_ticona\target\classes started by alum.fial1 in C:\Users\alum.fial1\Downloads\ExamenU1_ticona)
2025-09-24T16:34:29.965-05:00  INFO 8540 --- [ExamenU1_ticona] [main] u.e.p.E.ExamenU1TiconaApplication        : No active profile set, falling back to 1 default profile: "default"
2025-09-24T16:34:30.942-05:00  INFO 8540 --- [ExamenU1_ticona] [main] .s.d.r.c.RepositoryConfigurationDelegate : Bootstrapping Spring Data JPA repositories in DEFAULT mode.
2025-09-24T16:34:31.048-05:00  INFO 8540 --- [ExamenU1_ticona] [main] .s.d.r.c.RepositoryConfigurationDelegate : Finished Spring Data repository scanning in 84 ms. Found 4 JPA repository interfaces.
2025-09-24T16:34:31.511-05:00  INFO 8540 --- [ExamenU1_ticona] [main] o.s.b.w.embedded.tomcat.TomcatWebServer  : Tomcat initialized with port 9091 (http)
2025-09-24T16:34:31.540-05:00  INFO 8540 --- [ExamenU1_ticona] [main] o.apache.catalina.core.StandardService   : Starting service [Tomcat]
2025-09-24T16:34:31.541-05:00  INFO 8540 --- [ExamenU1_ticona] [main] o.apache.catalina.core.StandardEngine    : Starting Servlet engine: [Apache Tomcat/10.1.46]
2025-09-24T16:34:31.594-05:00  INFO 8540 --- [ExamenU1_ticona] [main] o.a.c.c.C.[Tomcat].[localhost].[/]       : Initializing Spring embedded WebApplicationContext
2025-09-24T16:34:31.595-05:00  INFO 8540 --- [ExamenU1_ticona] [main] w.s.c.ServletWebServerApplicationContext : Root WebApplicationContext: initialization completed in 1571 ms
2025-09-24T16:34:31.836-05:00  INFO 8540 --- [ExamenU1_ticona] [main] o.hibernate.jpa.internal.util.LogHelper  : HHH000204: Processing PersistenceUnitInfo [name: default]
2025-09-24T16:34:31.897-05:00  INFO 8540 --- [ExamenU1_ticona] [main] org.hibernate.Version                    : HHH000412: Hibernate ORM core version 6.6.29.Final
2025-09-24T16:34:31.938-05:00  INFO 8540 --- [ExamenU1_ticona] [main] o.h.c.internal.RegionFactoryInitiator    : HHH000026: Second-level cache disabled
2025-09-24T16:34:32.263-05:00  INFO 8540 --- [ExamenU1_ticona] [main] o.s.o.j.p.SpringPersistenceUnitInfo      : No LoadTimeWeaver setup: ignoring JPA class transformer
2025-09-24T16:34:32.291-05:00  INFO 8540 --- [ExamenU1_ticona] [main] com.zaxxer.hikari.HikariDataSource       : HikariPool-1 - Starting...
2025-09-24T16:34:32.774-05:00  INFO 8540 --- [ExamenU1_ticona] [main] com.zaxxer.hikari.pool.HikariPool        : HikariPool-1 - Added connection oracle.jdbc.driver.T4CConnection@6068ebb2
2025-09-24T16:34:32.777-05:00  INFO 8540 --- [ExamenU1_ticona] [main] com.zaxxer.hikari.HikariDataSource       : HikariPool-1 - Start completed.
2025-09-24T16:34:33.118-05:00  INFO 8540 --- [ExamenU1_ticona] [main] org.hibernate.orm.connections.pooling    : HHH10001005: Database info:
	Database JDBC URL [Connecting through datasource 'HikariDataSource (HikariPool-1)']
	Database driver: undefined/unknown
	Database version: 21.3
	Autocommit mode: undefined/unknown
	Isolation level: undefined/unknown
	Minimum pool size: undefined/unknown
	Maximum pool size: undefined/unknown
2025-09-24T16:34:34.204-05:00  INFO 8540 --- [ExamenU1_ticona] [main] o.h.e.t.j.p.i.JtaPlatformInitiator       : HHH000489: No JTA platform available (set 'hibernate.transaction.jta.platform' to enable JTA platform integration)
2025-09-24T16:34:35.020-05:00  INFO 8540 --- [ExamenU1_ticona] [main] j.LocalContainerEntityManagerFactoryBean : Initialized JPA EntityManagerFactory for persistence unit 'default'
2025-09-24T16:34:36.003-05:00  INFO 8540 --- [ExamenU1_ticona] [main] o.s.b.w.embedded.tomcat.TomcatWebServer  : Tomcat started on port 9091 (http) with context path '/'
2025-09-24T16:34:36.012-05:00  INFO 8540 --- [ExamenU1_ticona] [main] u.e.p.E.ExamenU1TiconaApplication        : Started ExamenU1TiconaApplication in 6.712 seconds (process running for 7.631)
2025-09-24T16:34:45.754-05:00  INFO 8540 --- [ExamenU1_ticona] [http-nio-9091-exec-2] o.a.c.c.C.[Tomcat].[localhost].[/]       : Initializing Spring DispatcherServlet 'dispatcherServlet'
2025-09-24T16:34:45.755-05:00  INFO 8540 --- [ExamenU1_ticona] [http-nio-9091-exec-2] o.s.web.servlet.DispatcherServlet        : Initializing Servlet 'dispatcherServlet'
2025-09-24T16:34:45.756-05:00  INFO 8540 --- [ExamenU1_ticona] [http-nio-9091-exec-2] o.s.web.servlet.DispatcherServlet        : Completed initialization in 1 ms
2025-09-24T16:48:54.638-05:00  WARN 8540 --- [ExamenU1_ticona] [http-nio-9091-exec-2] o.s.web.servlet.PageNotFound             : No mapping for GET /api/v1/proyectos%0A
2025-09-24T16:51:54.327-05:00  INFO 8540 --- [ExamenU1_ticona] [SpringApplicationShutdownHook] o.s.b.w.e.tomcat.GracefulShutdown        : Commencing graceful shutdown. Waiting for active requests to complete
2025-09-24T16:51:54.332-05:00  INFO 8540 --- [ExamenU1_ticona] [tomcat-shutdown] o.s.b.w.e.tomcat.GracefulShutdown        : Graceful shutdown complete
2025-09-24T16:51:54.337-05:00  INFO 8540 --- [ExamenU1_ticona] [SpringApplicationShutdownHook] j.LocalContainerEntityManagerFactoryBean : Closing JPA EntityManagerFactory for persistence unit 'default'
2025-09-24T16:51:54.339-05:00  INFO 8540 --- [ExamenU1_ticona] [SpringApplicationShutdownHook] com.zaxxer.hikari.HikariDataSource       : HikariPool-1 - Shutdown initiated...
2025-09-24T16:51:54.362-05:00  INFO 8540 --- [ExamenU1_ticona] [SpringApplicationShutdownHook] com.zaxxer.hikari.HikariDataSource       : HikariPool-1 - Shutdown completed.
2025-09-24T16:55:16.708-05:00  INFO 13276 --- [ExamenU1_ticona] [main] u.e.p.E.ExamenU1TiconaApplication        : Starting ExamenU1TiconaApplication using Java 21.0.6 with PID 13276 (C:\Users\alum.fial1\Downloads\ExamenU1_ticona\ExamenU1_ticona\target\classes started by alum.fial1 in C:\Users\alum.fial1\Downloads\ExamenU1_ticona)
2025-09-24T16:55:16.712-05:00  INFO 13276 --- [ExamenU1_ticona] [main] u.e.p.E.ExamenU1TiconaApplication        : No active profile set, falling back to 1 default profile: "default"
2025-09-24T16:55:17.632-05:00  INFO 13276 --- [ExamenU1_ticona] [main] .s.d.r.c.RepositoryConfigurationDelegate : Bootstrapping Spring Data JPA repositories in DEFAULT mode.
2025-09-24T16:55:17.714-05:00  INFO 13276 --- [ExamenU1_ticona] [main] .s.d.r.c.RepositoryConfigurationDelegate : Finished Spring Data repository scanning in 72 ms. Found 4 JPA repository interfaces.
2025-09-24T16:55:18.187-05:00  INFO 13276 --- [ExamenU1_ticona] [main] o.s.b.w.embedded.tomcat.TomcatWebServer  : Tomcat initialized with port 9091 (http)
2025-09-24T16:55:18.200-05:00  INFO 13276 --- [ExamenU1_ticona] [main] o.apache.catalina.core.StandardService   : Starting service [Tomcat]
2025-09-24T16:55:18.201-05:00  INFO 13276 --- [ExamenU1_ticona] [main] o.apache.catalina.core.StandardEngine    : Starting Servlet engine: [Apache Tomcat/10.1.46]
2025-09-24T16:55:18.255-05:00  INFO 13276 --- [ExamenU1_ticona] [main] o.a.c.c.C.[Tomcat].[localhost].[/]       : Initializing Spring embedded WebApplicationContext
2025-09-24T16:55:18.256-05:00  INFO 13276 --- [ExamenU1_ticona] [main] w.s.c.ServletWebServerApplicationContext : Root WebApplicationContext: initialization completed in 1486 ms
2025-09-24T16:55:18.509-05:00  INFO 13276 --- [ExamenU1_ticona] [main] o.hibernate.jpa.internal.util.LogHelper  : HHH000204: Processing PersistenceUnitInfo [name: default]
2025-09-24T16:55:18.578-05:00  INFO 13276 --- [ExamenU1_ticona] [main] org.hibernate.Version                    : HHH000412: Hibernate ORM core version 6.6.29.Final
2025-09-24T16:55:18.616-05:00  INFO 13276 --- [ExamenU1_ticona] [main] o.h.c.internal.RegionFactoryInitiator    : HHH000026: Second-level cache disabled
2025-09-24T16:55:18.938-05:00  INFO 13276 --- [ExamenU1_ticona] [main] o.s.o.j.p.SpringPersistenceUnitInfo      : No LoadTimeWeaver setup: ignoring JPA class transformer
2025-09-24T16:55:18.966-05:00  INFO 13276 --- [ExamenU1_ticona] [main] com.zaxxer.hikari.HikariDataSource       : HikariPool-1 - Starting...
2025-09-24T16:55:19.452-05:00  INFO 13276 --- [ExamenU1_ticona] [main] com.zaxxer.hikari.pool.HikariPool        : HikariPool-1 - Added connection oracle.jdbc.driver.T4CConnection@4b32465
2025-09-24T16:55:19.455-05:00  INFO 13276 --- [ExamenU1_ticona] [main] com.zaxxer.hikari.HikariDataSource       : HikariPool-1 - Start completed.
2025-09-24T16:55:19.794-05:00  INFO 13276 --- [ExamenU1_ticona] [main] org.hibernate.orm.connections.pooling    : HHH10001005: Database info:
	Database JDBC URL [Connecting through datasource 'HikariDataSource (HikariPool-1)']
	Database driver: undefined/unknown
	Database version: 21.3
	Autocommit mode: undefined/unknown
	Isolation level: undefined/unknown
	Minimum pool size: undefined/unknown
	Maximum pool size: undefined/unknown
2025-09-24T16:55:20.931-05:00  INFO 13276 --- [ExamenU1_ticona] [main] o.h.e.t.j.p.i.JtaPlatformInitiator       : HHH000489: No JTA platform available (set 'hibernate.transaction.jta.platform' to enable JTA platform integration)
2025-09-24T16:55:21.488-05:00  INFO 13276 --- [ExamenU1_ticona] [main] j.LocalContainerEntityManagerFactoryBean : Initialized JPA EntityManagerFactory for persistence unit 'default'
2025-09-24T16:55:22.464-05:00  INFO 13276 --- [ExamenU1_ticona] [main] o.s.b.w.embedded.tomcat.TomcatWebServer  : Tomcat started on port 9091 (http) with context path '/'
2025-09-24T16:55:22.474-05:00  INFO 13276 --- [ExamenU1_ticona] [main] u.e.p.E.ExamenU1TiconaApplication        : Started ExamenU1TiconaApplication in 6.39 seconds (process running for 7.186)
2025-09-24T16:55:25.297-05:00  INFO 13276 --- [ExamenU1_ticona] [http-nio-9091-exec-3] o.a.c.c.C.[Tomcat].[localhost].[/]       : Initializing Spring DispatcherServlet 'dispatcherServlet'
2025-09-24T16:55:25.298-05:00  INFO 13276 --- [ExamenU1_ticona] [http-nio-9091-exec-3] o.s.web.servlet.DispatcherServlet        : Initializing Servlet 'dispatcherServlet'
2025-09-24T16:55:25.300-05:00  INFO 13276 --- [ExamenU1_ticona] [http-nio-9091-exec-3] o.s.web.servlet.DispatcherServlet        : Completed initialization in 2 ms
2025-09-24T17:17:21.829-05:00  INFO 13276 --- [ExamenU1_ticona] [SpringApplicationShutdownHook] o.s.b.w.e.tomcat.GracefulShutdown        : Commencing graceful shutdown. Waiting for active requests to complete
2025-09-24T17:17:21.835-05:00  INFO 13276 --- [ExamenU1_ticona] [tomcat-shutdown] o.s.b.w.e.tomcat.GracefulShutdown        : Graceful shutdown complete
2025-09-24T17:17:21.842-05:00  INFO 13276 --- [ExamenU1_ticona] [SpringApplicationShutdownHook] j.LocalContainerEntityManagerFactoryBean : Closing JPA EntityManagerFactory for persistence unit 'default'
2025-09-24T17:17:21.845-05:00  INFO 13276 --- [ExamenU1_ticona] [SpringApplicationShutdownHook] com.zaxxer.hikari.HikariDataSource       : HikariPool-1 - Shutdown initiated...
2025-09-24T17:17:21.865-05:00  INFO 13276 --- [ExamenU1_ticona] [SpringApplicationShutdownHook] com.zaxxer.hikari.HikariDataSource       : HikariPool-1 - Shutdown completed.
